  Vectors.cpp
c:\users\rgdst102\desktop\vectors\vectors\vectors.cpp(56): warning C4018: '<': signed/unsigned mismatch
c:\users\rgdst102\desktop\vectors\vectors\vectors.cpp(62): warning C4018: '<': signed/unsigned mismatch
c:\users\rgdst102\desktop\vectors\vectors\vectors.cpp(68): warning C4018: '<': signed/unsigned mismatch
c:\users\rgdst102\desktop\vectors\vectors\vectors.cpp(74): warning C4018: '<': signed/unsigned mismatch
c:\program files (x86)\microsoft visual studio\2017\enterprise\vc\tools\msvc\14.16.27023\include\xutility(1108): warning C4244: 'argument': conversion from 'double' to 'const _Ty', possible loss of data
          with
          [
              _Ty=int
          ]
  c:\program files (x86)\microsoft visual studio\2017\enterprise\vc\tools\msvc\14.16.27023\include\xutility(1107): note: see reference to function template instantiation 'bool std::_Debug_lt_pred<_Pr&,double&,double&>(std::greater<int>&,_Ty1,_Ty2) noexcept(<expr>)' being compiled
          with
          [
              _Pr=std::greater<int>,
              _Ty1=double &,
              _Ty2=double &
          ]
  c:\program files (x86)\microsoft visual studio\2017\enterprise\vc\tools\msvc\14.16.27023\include\algorithm(4000): note: see reference to function template instantiation 'std::pair<_RanIt,_RanIt> std::_Partition_by_median_guess_unchecked<_RanIt,_Pr>(_RanIt,_RanIt,_Pr)' being compiled
          with
          [
              _RanIt=double *,
              _Pr=std::greater<int>
          ]
  c:\program files (x86)\microsoft visual studio\2017\enterprise\vc\tools\msvc\14.16.27023\include\algorithm(4034): note: see reference to function template instantiation 'void std::_Sort_unchecked<double*,_Fn>(_RanIt,_RanIt,int,_Pr)' being compiled
          with
          [
              _Fn=std::greater<int>,
              _RanIt=double *,
              _Pr=std::greater<int>
          ]
  c:\users\rgdst102\desktop\vectors\vectors\vectors.cpp(67): note: see reference to function template instantiation 'void std::sort<std::_Vector_iterator<std::_Vector_val<std::_Simple_types<_Ty>>>,std::greater<int>>(const _RanIt,const _RanIt,_Pr)' being compiled
          with
          [
              _Ty=double,
              _RanIt=std::_Vector_iterator<std::_Vector_val<std::_Simple_types<double>>>,
              _Pr=std::greater<int>
          ]
c:\program files (x86)\microsoft visual studio\2017\enterprise\vc\tools\msvc\14.16.27023\include\algorithm(3907): warning C4244: 'argument': conversion from 'double' to 'const _Ty', possible loss of data
          with
          [
              _Ty=int
          ]
c:\program files (x86)\microsoft visual studio\2017\enterprise\vc\tools\msvc\14.16.27023\include\algorithm(3914): warning C4244: 'argument': conversion from 'double' to 'const _Ty', possible loss of data
          with
          [
              _Ty=int
          ]
c:\program files (x86)\microsoft visual studio\2017\enterprise\vc\tools\msvc\14.16.27023\include\algorithm(3929): warning C4244: 'argument': conversion from 'double' to 'const _Ty', possible loss of data
          with
          [
              _Ty=int
          ]
c:\program files (x86)\microsoft visual studio\2017\enterprise\vc\tools\msvc\14.16.27023\include\algorithm(3949): warning C4244: 'argument': conversion from 'double' to 'const _Ty', possible loss of data
          with
          [
              _Ty=int
          ]
c:\program files (x86)\microsoft visual studio\2017\enterprise\vc\tools\msvc\14.16.27023\include\xutility(1110): warning C4244: 'argument': conversion from 'double' to 'const _Ty', possible loss of data
          with
          [
              _Ty=int
          ]
  c:\program files (x86)\microsoft visual studio\2017\enterprise\vc\tools\msvc\14.16.27023\include\algorithm(3906): note: see reference to function template instantiation 'bool std::_Debug_lt_pred<_Pr&,double&,double&>(std::greater<int>&,_Ty1,_Ty2) noexcept(false)' being compiled
          with
          [
              _Pr=std::greater<int>,
              _Ty1=double &,
              _Ty2=double &
          ]
  c:\program files (x86)\microsoft visual studio\2017\enterprise\vc\tools\msvc\14.16.27023\include\algorithm(4000): note: see reference to function template instantiation 'std::pair<_RanIt,_RanIt> std::_Partition_by_median_guess_unchecked<_RanIt,_Pr>(_RanIt,_RanIt,_Pr)' being compiled
          with
          [
              _RanIt=double *,
              _Pr=std::greater<int>
          ]
c:\program files (x86)\microsoft visual studio\2017\enterprise\vc\tools\msvc\14.16.27023\include\xutility(1113): warning C4244: 'argument': conversion from 'double' to 'const _Ty', possible loss of data
          with
          [
              _Ty=int
          ]
  Vectors.vcxproj -> C:\Users\rgdst102\Desktop\Vectors\Debug\Vectors.exe
